<?xml version="1.0" encoding="UTF-8"?>
<coverage generated="1749237638836" clover="3.2.0">
  <project timestamp="1749237638836" name="All files">
    <metrics statements="63" coveredstatements="57" conditionals="20" coveredconditionals="17" methods="26" coveredmethods="22" elements="109" coveredelements="96" complexity="0" loc="63" ncloc="63" packages="2" files="7" classes="7"/>
    <package name="components">
      <metrics statements="62" coveredstatements="56" conditionals="20" coveredconditionals="17" methods="26" coveredmethods="22"/>
      <file name="Body.js" path="D:\React JS\FoodWebsite\src\components\Body.js">
        <metrics statements="16" coveredstatements="16" conditionals="4" coveredconditionals="4" methods="8" coveredmethods="8"/>
        <line num="7" count="1" type="stmt"/>
        <line num="8" count="15" type="stmt"/>
        <line num="9" count="15" type="stmt"/>
        <line num="10" count="15" type="stmt"/>
        <line num="12" count="15" type="stmt"/>
        <line num="13" count="6" type="stmt"/>
        <line num="16" count="15" type="stmt"/>
        <line num="20" count="15" type="cond" truecount="2" falsecount="0"/>
        <line num="32" count="1" type="stmt"/>
        <line num="39" count="1" type="stmt"/>
        <line num="40" count="20" type="stmt"/>
        <line num="42" count="1" type="stmt"/>
        <line num="54" count="1" type="stmt"/>
        <line num="55" count="20" type="stmt"/>
        <line num="57" count="1" type="stmt"/>
        <line num="66" count="87" type="stmt"/>
      </file>
      <file name="Contact.js" path="D:\React JS\FoodWebsite\src\components\Contact.js">
        <metrics statements="2" coveredstatements="2" conditionals="0" coveredconditionals="0" methods="1" coveredmethods="1"/>
        <line num="1" count="1" type="stmt"/>
        <line num="2" count="2" type="stmt"/>
      </file>
      <file name="Dish.js" path="D:\React JS\FoodWebsite\src\components\Dish.js">
        <metrics statements="15" coveredstatements="9" conditionals="4" coveredconditionals="4" methods="7" coveredmethods="3"/>
        <line num="5" count="1" type="stmt"/>
        <line num="6" count="8" type="stmt"/>
        <line num="8" count="8" type="stmt"/>
        <line num="10" count="8" type="stmt"/>
        <line num="12" count="8" type="stmt"/>
        <line num="13" count="1" type="stmt"/>
        <line num="16" count="8" type="stmt"/>
        <line num="33" count="1" type="stmt"/>
        <line num="42" count="1" type="stmt"/>
        <line num="43" count="0" type="stmt"/>
        <line num="44" count="0" type="stmt"/>
        <line num="45" count="0" type="stmt"/>
        <line num="47" count="0" type="stmt"/>
        <line num="48" count="0" type="stmt"/>
        <line num="52" count="0" type="stmt"/>
      </file>
      <file name="Header.js" path="D:\React JS\FoodWebsite\src\components\Header.js">
        <metrics statements="8" coveredstatements="8" conditionals="6" coveredconditionals="4" methods="3" coveredmethods="3"/>
        <line num="8" count="2" type="stmt"/>
        <line num="9" count="8" type="stmt"/>
        <line num="11" count="8" type="stmt"/>
        <line num="13" count="8" type="stmt"/>
        <line num="14" count="8" type="stmt"/>
        <line num="16" count="15" type="stmt"/>
        <line num="19" count="8" type="stmt"/>
        <line num="47" count="1" type="cond" truecount="1" falsecount="1"/>
      </file>
      <file name="Menu.js" path="D:\React JS\FoodWebsite\src\components\Menu.js">
        <metrics statements="12" coveredstatements="12" conditionals="6" coveredconditionals="5" methods="4" coveredmethods="4"/>
        <line num="8" count="1" type="stmt"/>
        <line num="9" count="3" type="stmt"/>
        <line num="11" count="3" type="stmt"/>
        <line num="12" count="3" type="stmt"/>
        <line num="14" count="3" type="cond" truecount="2" falsecount="0"/>
        <line num="17" count="2" type="stmt"/>
        <line num="20" count="2" type="stmt"/>
        <line num="24" count="2" type="stmt"/>
        <line num="26" count="48" type="stmt"/>
        <line num="30" count="2" type="stmt"/>
        <line num="42" count="36" type="stmt"/>
        <line num="48" count="1" type="cond" truecount="1" falsecount="1"/>
      </file>
      <file name="RestaurantCard.js" path="D:\React JS\FoodWebsite\src\components\RestaurantCard.js">
        <metrics statements="9" coveredstatements="9" conditionals="0" coveredconditionals="0" methods="3" coveredmethods="3"/>
        <line num="5" count="1" type="stmt"/>
        <line num="6" count="87" type="stmt"/>
        <line num="8" count="87" type="stmt"/>
        <line num="10" count="87" type="stmt"/>
        <line num="13" count="87" type="stmt"/>
        <line num="15" count="87" type="stmt"/>
        <line num="36" count="1" type="stmt"/>
        <line num="37" count="15" type="stmt"/>
        <line num="38" count="25" type="stmt"/>
      </file>
    </package>
    <package name="utils">
      <metrics statements="1" coveredstatements="1" conditionals="0" coveredconditionals="0" methods="0" coveredmethods="0"/>
      <file name="appStore.js" path="D:\React JS\FoodWebsite\src\utils\appStore.js">
        <metrics statements="1" coveredstatements="1" conditionals="0" coveredconditionals="0" methods="0" coveredmethods="0"/>
        <line num="4" count="2" type="stmt"/>
      </file>
    </package>
  </project>
</coverage>
