<?xml version="1.0" encoding="UTF-8"?>
<coverage generated="1749283123875" clover="3.2.0">
  <project timestamp="1749283123875" name="All files">
    <metrics statements="47" coveredstatements="46" conditionals="18" coveredconditionals="13" methods="20" coveredmethods="19" elements="85" coveredelements="78" complexity="0" loc="47" ncloc="47" packages="2" files="5" classes="5"/>
    <package name="components">
      <metrics statements="46" coveredstatements="45" conditionals="18" coveredconditionals="13" methods="20" coveredmethods="19"/>
      <file name="Body.js" path="D:\React JS\FoodWebsite\src\components\Body.js">
        <metrics statements="16" coveredstatements="16" conditionals="4" coveredconditionals="4" methods="8" coveredmethods="8"/>
        <line num="7" count="1" type="stmt"/>
        <line num="8" count="15" type="stmt"/>
        <line num="9" count="15" type="stmt"/>
        <line num="10" count="15" type="stmt"/>
        <line num="12" count="15" type="stmt"/>
        <line num="13" count="6" type="stmt"/>
        <line num="16" count="15" type="stmt"/>
        <line num="20" count="15" type="cond" truecount="2" falsecount="0"/>
        <line num="32" count="1" type="stmt"/>
        <line num="39" count="1" type="stmt"/>
        <line num="40" count="20" type="stmt"/>
        <line num="42" count="1" type="stmt"/>
        <line num="54" count="1" type="stmt"/>
        <line num="55" count="20" type="stmt"/>
        <line num="57" count="1" type="stmt"/>
        <line num="66" count="87" type="stmt"/>
      </file>
      <file name="Cart.js" path="D:\React JS\FoodWebsite\src\components\Cart.js">
        <metrics statements="10" coveredstatements="10" conditionals="2" coveredconditionals="2" methods="5" coveredmethods="5"/>
        <line num="5" count="1" type="stmt"/>
        <line num="6" count="6" type="stmt"/>
        <line num="7" count="3" type="stmt"/>
        <line num="9" count="3" type="stmt"/>
        <line num="11" count="3" type="stmt"/>
        <line num="12" count="1" type="stmt"/>
        <line num="15" count="3" type="stmt"/>
        <line num="17" count="3" type="cond" truecount="2" falsecount="0"/>
        <line num="31" count="1" type="stmt"/>
        <line num="37" count="1" type="stmt"/>
      </file>
      <file name="Header.js" path="D:\React JS\FoodWebsite\src\components\Header.js">
        <metrics statements="8" coveredstatements="7" conditionals="6" coveredconditionals="2" methods="3" coveredmethods="2"/>
        <line num="8" count="1" type="stmt"/>
        <line num="9" count="3" type="stmt"/>
        <line num="11" count="3" type="stmt"/>
        <line num="13" count="3" type="stmt"/>
        <line num="14" count="3" type="stmt"/>
        <line num="16" count="6" type="stmt"/>
        <line num="19" count="3" type="stmt"/>
        <line num="47" count="0" type="cond" truecount="0" falsecount="2"/>
      </file>
      <file name="Menu.js" path="D:\React JS\FoodWebsite\src\components\Menu.js">
        <metrics statements="12" coveredstatements="12" conditionals="6" coveredconditionals="5" methods="4" coveredmethods="4"/>
        <line num="8" count="1" type="stmt"/>
        <line num="9" count="8" type="stmt"/>
        <line num="11" count="8" type="stmt"/>
        <line num="12" count="8" type="stmt"/>
        <line num="14" count="8" type="cond" truecount="2" falsecount="0"/>
        <line num="17" count="5" type="stmt"/>
        <line num="20" count="5" type="stmt"/>
        <line num="24" count="5" type="stmt"/>
        <line num="26" count="120" type="stmt"/>
        <line num="30" count="5" type="stmt"/>
        <line num="42" count="90" type="stmt"/>
        <line num="48" count="2" type="cond" truecount="1" falsecount="1"/>
      </file>
    </package>
    <package name="utils">
      <metrics statements="1" coveredstatements="1" conditionals="0" coveredconditionals="0" methods="0" coveredmethods="0"/>
      <file name="appStore.js" path="D:\React JS\FoodWebsite\src\utils\appStore.js">
        <metrics statements="1" coveredstatements="1" conditionals="0" coveredconditionals="0" methods="0" coveredmethods="0"/>
        <line num="4" count="1" type="stmt"/>
      </file>
    </package>
  </project>
</coverage>
