{"D:\\React JS\\FoodWebsite\\src\\components\\Body.js": {"path":"D:\\React JS\\FoodWebsite\\src\\components\\Body.js","statementMap":{"0":{"start":{"line":7,"column":13},"end":{"line":80,"column":1}},"1":{"start":{"line":8,"column":38},"end":{"line":8,"column":50}},"2":{"start":{"line":9,"column":18},"end":{"line":9,"column":37}},"3":{"start":{"line":10,"column":54},"end":{"line":10,"column":66}},"4":{"start":{"line":12,"column":2},"end":{"line":14,"column":16}},"5":{"start":{"line":13,"column":4},"end":{"line":13,"column":35}},"6":{"start":{"line":16,"column":24},"end":{"line":16,"column":58}},"7":{"start":{"line":20,"column":2},"end":{"line":79,"column":4}},"8":{"start":{"line":32,"column":14},"end":{"line":32,"column":44}},"9":{"start":{"line":39,"column":33},"end":{"line":41,"column":15}},"10":{"start":{"line":40,"column":16},"end":{"line":40,"column":78}},"11":{"start":{"line":42,"column":14},"end":{"line":42,"column":50}},"12":{"start":{"line":54,"column":33},"end":{"line":56,"column":15}},"13":{"start":{"line":55,"column":25},"end":{"line":55,"column":49}},"14":{"start":{"line":57,"column":14},"end":{"line":57,"column":50}},"15":{"start":{"line":66,"column":10},"end":{"line":75,"column":17}}},"fnMap":{"0":{"name":"(anonymous_0)","decl":{"start":{"line":7,"column":13},"end":{"line":7,"column":14}},"loc":{"start":{"line":7,"column":19},"end":{"line":80,"column":1}},"line":7},"1":{"name":"(anonymous_1)","decl":{"start":{"line":12,"column":12},"end":{"line":12,"column":13}},"loc":{"start":{"line":12,"column":18},"end":{"line":14,"column":3}},"line":12},"2":{"name":"(anonymous_2)","decl":{"start":{"line":31,"column":22},"end":{"line":31,"column":23}},"loc":{"start":{"line":31,"column":29},"end":{"line":33,"column":13}},"line":31},"3":{"name":"(anonymous_3)","decl":{"start":{"line":38,"column":21},"end":{"line":38,"column":22}},"loc":{"start":{"line":38,"column":27},"end":{"line":43,"column":13}},"line":38},"4":{"name":"(anonymous_4)","decl":{"start":{"line":39,"column":48},"end":{"line":39,"column":49}},"loc":{"start":{"line":40,"column":16},"end":{"line":40,"column":78}},"line":40},"5":{"name":"(anonymous_5)","decl":{"start":{"line":53,"column":21},"end":{"line":53,"column":22}},"loc":{"start":{"line":53,"column":27},"end":{"line":58,"column":13}},"line":53},"6":{"name":"(anonymous_6)","decl":{"start":{"line":55,"column":16},"end":{"line":55,"column":17}},"loc":{"start":{"line":55,"column":25},"end":{"line":55,"column":49}},"line":55},"7":{"name":"(anonymous_7)","decl":{"start":{"line":65,"column":32},"end":{"line":65,"column":33}},"loc":{"start":{"line":66,"column":10},"end":{"line":75,"column":17}},"line":66}},"branchMap":{"0":{"loc":{"start":{"line":20,"column":9},"end":{"line":79,"column":3}},"type":"cond-expr","locations":[{"start":{"line":21,"column":4},"end":{"line":21,"column":15}},{"start":{"line":23,"column":4},"end":{"line":78,"column":10}}],"line":20},"1":{"loc":{"start":{"line":70,"column":13},"end":{"line":74,"column":13}},"type":"cond-expr","locations":[{"start":{"line":71,"column":14},"end":{"line":71,"column":52}},{"start":{"line":73,"column":14},"end":{"line":73,"column":53}}],"line":70}},"s":{"0":1,"1":15,"2":15,"3":15,"4":15,"5":6,"6":15,"7":15,"8":1,"9":1,"10":20,"11":1,"12":1,"13":20,"14":1,"15":87},"f":{"0":15,"1":6,"2":1,"3":1,"4":20,"5":1,"6":20,"7":87},"b":{"0":[6,9],"1":[25,62]},"_coverageSchema":"1a1c01bbd47fc00a2c39e90264f33305004495a9","hash":"8d1b4487397185061721160204dc5160bb5d01c6"}
,"D:\\React JS\\FoodWebsite\\src\\components\\Contact.js": {"path":"D:\\React JS\\FoodWebsite\\src\\components\\Contact.js","statementMap":{"0":{"start":{"line":1,"column":16},"end":{"line":22,"column":1}},"1":{"start":{"line":2,"column":2},"end":{"line":21,"column":4}}},"fnMap":{"0":{"name":"(anonymous_0)","decl":{"start":{"line":1,"column":16},"end":{"line":1,"column":17}},"loc":{"start":{"line":1,"column":22},"end":{"line":22,"column":1}},"line":1}},"branchMap":{},"s":{"0":1,"1":2},"f":{"0":2},"b":{},"_coverageSchema":"1a1c01bbd47fc00a2c39e90264f33305004495a9","hash":"d941e2105cdebf333970c3a1ee8fcf60c157ef29"}
,"D:\\React JS\\FoodWebsite\\src\\components\\Dish.js": {"path":"D:\\React JS\\FoodWebsite\\src\\components\\Dish.js","statementMap":{"0":{"start":{"line":5,"column":13},"end":{"line":40,"column":1}},"1":{"start":{"line":6,"column":23},"end":{"line":6,"column":28}},"2":{"start":{"line":8,"column":4},"end":{"line":8,"column":22}},"3":{"start":{"line":10,"column":19},"end":{"line":10,"column":32}},"4":{"start":{"line":12,"column":25},"end":{"line":14,"column":3}},"5":{"start":{"line":13,"column":4},"end":{"line":13,"column":33}},"6":{"start":{"line":16,"column":2},"end":{"line":39,"column":4}},"7":{"start":{"line":33,"column":25},"end":{"line":33,"column":49}},"8":{"start":{"line":42,"column":26},"end":{"line":60,"column":1}},"9":{"start":{"line":43,"column":19},"end":{"line":43,"column":32}},"10":{"start":{"line":44,"column":23},"end":{"line":46,"column":3}},"11":{"start":{"line":45,"column":4},"end":{"line":45,"column":28}},"12":{"start":{"line":47,"column":2},"end":{"line":59,"column":4}},"13":{"start":{"line":48,"column":4},"end":{"line":58,"column":6}},"14":{"start":{"line":52,"column":25},"end":{"line":52,"column":39}}},"fnMap":{"0":{"name":"(anonymous_0)","decl":{"start":{"line":5,"column":13},"end":{"line":5,"column":14}},"loc":{"start":{"line":5,"column":24},"end":{"line":40,"column":1}},"line":5},"1":{"name":"(anonymous_1)","decl":{"start":{"line":12,"column":25},"end":{"line":12,"column":26}},"loc":{"start":{"line":12,"column":39},"end":{"line":14,"column":3}},"line":12},"2":{"name":"(anonymous_2)","decl":{"start":{"line":33,"column":19},"end":{"line":33,"column":20}},"loc":{"start":{"line":33,"column":25},"end":{"line":33,"column":49}},"line":33},"3":{"name":"(anonymous_3)","decl":{"start":{"line":42,"column":26},"end":{"line":42,"column":27}},"loc":{"start":{"line":42,"column":32},"end":{"line":60,"column":1}},"line":42},"4":{"name":"(anonymous_4)","decl":{"start":{"line":44,"column":23},"end":{"line":44,"column":24}},"loc":{"start":{"line":44,"column":29},"end":{"line":46,"column":3}},"line":44},"5":{"name":"(anonymous_5)","decl":{"start":{"line":47,"column":9},"end":{"line":47,"column":10}},"loc":{"start":{"line":47,"column":20},"end":{"line":59,"column":3}},"line":47},"6":{"name":"(anonymous_6)","decl":{"start":{"line":52,"column":19},"end":{"line":52,"column":20}},"loc":{"start":{"line":52,"column":25},"end":{"line":52,"column":39}},"line":52}},"branchMap":{"0":{"loc":{"start":{"line":20,"column":18},"end":{"line":20,"column":37}},"type":"cond-expr","locations":[{"start":{"line":20,"column":26},"end":{"line":20,"column":30}},{"start":{"line":20,"column":33},"end":{"line":20,"column":37}}],"line":20},"1":{"loc":{"start":{"line":22,"column":42},"end":{"line":22,"column":63}},"type":"binary-expr","locations":[{"start":{"line":22,"column":42},"end":{"line":22,"column":54}},{"start":{"line":22,"column":58},"end":{"line":22,"column":63}}],"line":22}},"s":{"0":1,"1":8,"2":8,"3":8,"4":8,"5":1,"6":8,"7":1,"8":1,"9":0,"10":0,"11":0,"12":0,"13":0,"14":0},"f":{"0":8,"1":1,"2":1,"3":0,"4":0,"5":0,"6":0},"b":{"0":[7,1],"1":[8,8]},"_coverageSchema":"1a1c01bbd47fc00a2c39e90264f33305004495a9","hash":"2586f359594aab6491cc9b6aa1b1c571a6cbdddc"}
,"D:\\React JS\\FoodWebsite\\src\\components\\Header.js": {"path":"D:\\React JS\\FoodWebsite\\src\\components\\Header.js","statementMap":{"0":{"start":{"line":8,"column":15},"end":{"line":66,"column":1}},"1":{"start":{"line":9,"column":36},"end":{"line":9,"column":53}},"2":{"start":{"line":11,"column":23},"end":{"line":11,"column":34}},"3":{"start":{"line":13,"column":15},"end":{"line":13,"column":38}},"4":{"start":{"line":14,"column":23},"end":{"line":14,"column":27}},"5":{"start":{"line":16,"column":15},"end":{"line":16,"column":55}},"6":{"start":{"line":16,"column":38},"end":{"line":16,"column":54}},"7":{"start":{"line":19,"column":2},"end":{"line":65,"column":4}},"8":{"start":{"line":47,"column":16},"end":{"line":49,"column":42}}},"fnMap":{"0":{"name":"(anonymous_0)","decl":{"start":{"line":8,"column":15},"end":{"line":8,"column":16}},"loc":{"start":{"line":8,"column":21},"end":{"line":66,"column":1}},"line":8},"1":{"name":"(anonymous_1)","decl":{"start":{"line":16,"column":27},"end":{"line":16,"column":28}},"loc":{"start":{"line":16,"column":38},"end":{"line":16,"column":54}},"line":16},"2":{"name":"(anonymous_2)","decl":{"start":{"line":46,"column":23},"end":{"line":46,"column":24}},"loc":{"start":{"line":46,"column":29},"end":{"line":50,"column":15}},"line":46}},"branchMap":{"0":{"loc":{"start":{"line":47,"column":16},"end":{"line":49,"column":41}},"type":"cond-expr","locations":[{"start":{"line":48,"column":20},"end":{"line":48,"column":42}},{"start":{"line":49,"column":20},"end":{"line":49,"column":41}}],"line":47},"1":{"loc":{"start":{"line":56,"column":13},"end":{"line":56,"column":51}},"type":"cond-expr","locations":[{"start":{"line":56,"column":38},"end":{"line":56,"column":46}},{"start":{"line":56,"column":49},"end":{"line":56,"column":51}}],"line":56},"2":{"loc":{"start":{"line":60,"column":13},"end":{"line":60,"column":37}},"type":"cond-expr","locations":[{"start":{"line":60,"column":28},"end":{"line":60,"column":31}},{"start":{"line":60,"column":34},"end":{"line":60,"column":37}}],"line":60}},"s":{"0":2,"1":8,"2":8,"3":8,"4":8,"5":8,"6":15,"7":8,"8":1},"f":{"0":8,"1":15,"2":1},"b":{"0":[1,0],"1":[1,7],"2":[8,0]},"_coverageSchema":"1a1c01bbd47fc00a2c39e90264f33305004495a9","hash":"9fa4801819fdad3c1edab596085a39682bd7b54c"}
,"D:\\React JS\\FoodWebsite\\src\\components\\Menu.js": {"path":"D:\\React JS\\FoodWebsite\\src\\components\\Menu.js","statementMap":{"0":{"start":{"line":8,"column":13},"end":{"line":57,"column":1}},"1":{"start":{"line":9,"column":17},"end":{"line":9,"column":28}},"2":{"start":{"line":11,"column":18},"end":{"line":11,"column":39}},"3":{"start":{"line":12,"column":36},"end":{"line":12,"column":47}},"4":{"start":{"line":14,"column":2},"end":{"line":14,"column":43}},"5":{"start":{"line":14,"column":24},"end":{"line":14,"column":43}},"6":{"start":{"line":17,"column":4},"end":{"line":17,"column":42}},"7":{"start":{"line":20,"column":4},"end":{"line":21,"column":12}},"8":{"start":{"line":24,"column":4},"end":{"line":28,"column":5}},"9":{"start":{"line":26,"column":8},"end":{"line":27,"column":70}},"10":{"start":{"line":30,"column":2},"end":{"line":56,"column":4}},"11":{"start":{"line":42,"column":10},"end":{"line":51,"column":12}},"12":{"start":{"line":48,"column":16},"end":{"line":48,"column":79}}},"fnMap":{"0":{"name":"(anonymous_0)","decl":{"start":{"line":8,"column":13},"end":{"line":8,"column":14}},"loc":{"start":{"line":8,"column":19},"end":{"line":57,"column":1}},"line":8},"1":{"name":"(anonymous_1)","decl":{"start":{"line":25,"column":6},"end":{"line":25,"column":7}},"loc":{"start":{"line":26,"column":8},"end":{"line":27,"column":70}},"line":26},"2":{"name":"(anonymous_2)","decl":{"start":{"line":41,"column":24},"end":{"line":41,"column":25}},"loc":{"start":{"line":41,"column":45},"end":{"line":52,"column":9}},"line":41},"3":{"name":"(anonymous_3)","decl":{"start":{"line":47,"column":28},"end":{"line":47,"column":29}},"loc":{"start":{"line":47,"column":34},"end":{"line":49,"column":15}},"line":47}},"branchMap":{"0":{"loc":{"start":{"line":14,"column":2},"end":{"line":14,"column":43}},"type":"if","locations":[{"start":{"line":14,"column":2},"end":{"line":14,"column":43}},{"start":{},"end":{}}],"line":14},"1":{"loc":{"start":{"line":46,"column":25},"end":{"line":46,"column":59}},"type":"cond-expr","locations":[{"start":{"line":46,"column":47},"end":{"line":46,"column":51}},{"start":{"line":46,"column":54},"end":{"line":46,"column":59}}],"line":46},"2":{"loc":{"start":{"line":48,"column":16},"end":{"line":48,"column":78}},"type":"cond-expr","locations":[{"start":{"line":48,"column":38},"end":{"line":48,"column":56}},{"start":{"line":48,"column":59},"end":{"line":48,"column":78}}],"line":48}},"s":{"0":1,"1":3,"2":3,"3":3,"4":3,"5":1,"6":2,"7":2,"8":2,"9":48,"10":2,"11":36,"12":1},"f":{"0":3,"1":48,"2":36,"3":1},"b":{"0":[1,2],"1":[2,34],"2":[0,1]},"_coverageSchema":"1a1c01bbd47fc00a2c39e90264f33305004495a9","hash":"9d5c8c9febf823daf9595e5ea5d8bb3f039e0d32"}
,"D:\\React JS\\FoodWebsite\\src\\components\\RestaurantCard.js": {"path":"D:\\React JS\\FoodWebsite\\src\\components\\RestaurantCard.js","statementMap":{"0":{"start":{"line":5,"column":23},"end":{"line":34,"column":1}},"1":{"start":{"line":6,"column":22},"end":{"line":6,"column":27}},"2":{"start":{"line":8,"column":19},"end":{"line":8,"column":42}},"3":{"start":{"line":10,"column":31},"end":{"line":10,"column":39}},"4":{"start":{"line":13,"column":4},"end":{"line":13,"column":16}},"5":{"start":{"line":15,"column":2},"end":{"line":33,"column":4}},"6":{"start":{"line":36,"column":34},"end":{"line":47,"column":1}},"7":{"start":{"line":37,"column":2},"end":{"line":46,"column":4}},"8":{"start":{"line":38,"column":4},"end":{"line":45,"column":6}}},"fnMap":{"0":{"name":"(anonymous_0)","decl":{"start":{"line":5,"column":23},"end":{"line":5,"column":24}},"loc":{"start":{"line":5,"column":34},"end":{"line":34,"column":1}},"line":5},"1":{"name":"(anonymous_1)","decl":{"start":{"line":36,"column":34},"end":{"line":36,"column":35}},"loc":{"start":{"line":36,"column":54},"end":{"line":47,"column":1}},"line":36},"2":{"name":"(anonymous_2)","decl":{"start":{"line":37,"column":9},"end":{"line":37,"column":10}},"loc":{"start":{"line":37,"column":20},"end":{"line":46,"column":3}},"line":37}},"branchMap":{},"s":{"0":1,"1":87,"2":87,"3":87,"4":87,"5":87,"6":1,"7":15,"8":25},"f":{"0":87,"1":15,"2":25},"b":{},"_coverageSchema":"1a1c01bbd47fc00a2c39e90264f33305004495a9","hash":"2f602a6f8083b04bb8062c668b26bfb484bb4d64"}
,"D:\\React JS\\FoodWebsite\\src\\utils\\appStore.js": {"path":"D:\\React JS\\FoodWebsite\\src\\utils\\appStore.js","statementMap":{"0":{"start":{"line":4,"column":17},"end":{"line":8,"column":2}}},"fnMap":{},"branchMap":{},"s":{"0":2},"f":{},"b":{},"_coverageSchema":"1a1c01bbd47fc00a2c39e90264f33305004495a9","hash":"6f826c995ef44506807ebf1beff3695b27f0b1c9"}
}
