TN:
SF:src\components\Body.js
FN:7,(anonymous_0)
FN:12,(anonymous_1)
FN:31,(anonymous_2)
FN:38,(anonymous_3)
FN:39,(anonymous_4)
FN:53,(anonymous_5)
FN:55,(anonymous_6)
FN:65,(anonymous_7)
FNF:8
FNH:8
FNDA:15,(anonymous_0)
FNDA:6,(anonymous_1)
FNDA:1,(anonymous_2)
FNDA:1,(anonymous_3)
FNDA:20,(anonymous_4)
FNDA:1,(anonymous_5)
FNDA:20,(anonymous_6)
FNDA:87,(anonymous_7)
DA:7,1
DA:8,15
DA:9,15
DA:10,15
DA:12,15
DA:13,6
DA:16,15
DA:20,15
DA:32,1
DA:39,1
DA:40,20
DA:42,1
DA:54,1
DA:55,20
DA:57,1
DA:66,87
LF:16
LH:16
BRDA:20,0,0,6
BRDA:20,0,1,9
BRDA:70,1,0,25
BRDA:70,1,1,62
BRF:4
BRH:4
end_of_record
TN:
SF:src\components\Cart.js
FN:5,(anonymous_0)
FN:6,(anonymous_1)
FN:11,(anonymous_2)
FN:31,(anonymous_3)
FN:36,(anonymous_4)
FNF:5
FNH:5
FNDA:3,(anonymous_0)
FNDA:6,(anonymous_1)
FNDA:1,(anonymous_2)
FNDA:1,(anonymous_3)
FNDA:1,(anonymous_4)
DA:5,1
DA:6,6
DA:7,3
DA:9,3
DA:11,3
DA:12,1
DA:15,3
DA:17,3
DA:31,1
DA:37,1
LF:10
LH:10
BRDA:17,0,0,2
BRDA:17,0,1,1
BRF:2
BRH:2
end_of_record
TN:
SF:src\components\Header.js
FN:8,(anonymous_0)
FN:16,(anonymous_1)
FN:46,(anonymous_2)
FNF:3
FNH:2
FNDA:3,(anonymous_0)
FNDA:6,(anonymous_1)
FNDA:0,(anonymous_2)
DA:8,1
DA:9,3
DA:11,3
DA:13,3
DA:14,3
DA:16,6
DA:19,3
DA:47,0
LF:8
LH:7
BRDA:47,0,0,0
BRDA:47,0,1,0
BRDA:56,1,0,0
BRDA:56,1,1,3
BRDA:60,2,0,3
BRDA:60,2,1,0
BRF:6
BRH:2
end_of_record
TN:
SF:src\components\Menu.js
FN:8,(anonymous_0)
FN:25,(anonymous_1)
FN:41,(anonymous_2)
FN:47,(anonymous_3)
FNF:4
FNH:4
FNDA:8,(anonymous_0)
FNDA:120,(anonymous_1)
FNDA:90,(anonymous_2)
FNDA:2,(anonymous_3)
DA:8,1
DA:9,8
DA:11,8
DA:12,8
DA:14,8
DA:17,5
DA:20,5
DA:24,5
DA:26,120
DA:30,5
DA:42,90
DA:48,2
LF:12
LH:12
BRDA:14,0,0,3
BRDA:14,0,1,5
BRDA:46,1,0,5
BRDA:46,1,1,85
BRDA:48,2,0,0
BRDA:48,2,1,2
BRF:6
BRH:5
end_of_record
TN:
SF:src\utils\appStore.js
FNF:0
FNH:0
DA:4,1
LF:1
LH:1
BRF:0
BRH:0
end_of_record
