TN:
SF:src\components\Body.js
FN:7,(anonymous_0)
FN:12,(anonymous_1)
FN:31,(anonymous_2)
FN:38,(anonymous_3)
FN:39,(anonymous_4)
FN:53,(anonymous_5)
FN:55,(anonymous_6)
FN:65,(anonymous_7)
FNF:8
FNH:8
FNDA:15,(anonymous_0)
FNDA:6,(anonymous_1)
FNDA:1,(anonymous_2)
FNDA:1,(anonymous_3)
FNDA:20,(anonymous_4)
FNDA:1,(anonymous_5)
FNDA:20,(anonymous_6)
FNDA:87,(anonymous_7)
DA:7,1
DA:8,15
DA:9,15
DA:10,15
DA:12,15
DA:13,6
DA:16,15
DA:20,15
DA:32,1
DA:39,1
DA:40,20
DA:42,1
DA:54,1
DA:55,20
DA:57,1
DA:66,87
LF:16
LH:16
BRDA:20,0,0,6
BRDA:20,0,1,9
BRDA:70,1,0,25
BRDA:70,1,1,62
BRF:4
BRH:4
end_of_record
TN:
SF:src\components\Contact.js
FN:1,(anonymous_0)
FNF:1
FNH:1
FNDA:2,(anonymous_0)
DA:1,1
DA:2,2
LF:2
LH:2
BRF:0
BRH:0
end_of_record
TN:
SF:src\components\Dish.js
FN:5,(anonymous_0)
FN:12,(anonymous_1)
FN:33,(anonymous_2)
FN:42,(anonymous_3)
FN:44,(anonymous_4)
FN:47,(anonymous_5)
FN:52,(anonymous_6)
FNF:7
FNH:3
FNDA:8,(anonymous_0)
FNDA:1,(anonymous_1)
FNDA:1,(anonymous_2)
FNDA:0,(anonymous_3)
FNDA:0,(anonymous_4)
FNDA:0,(anonymous_5)
FNDA:0,(anonymous_6)
DA:5,1
DA:6,8
DA:8,8
DA:10,8
DA:12,8
DA:13,1
DA:16,8
DA:33,1
DA:42,1
DA:43,0
DA:44,0
DA:45,0
DA:47,0
DA:48,0
DA:52,0
LF:15
LH:9
BRDA:20,0,0,7
BRDA:20,0,1,1
BRDA:22,1,0,8
BRDA:22,1,1,8
BRF:4
BRH:4
end_of_record
TN:
SF:src\components\Header.js
FN:8,(anonymous_0)
FN:16,(anonymous_1)
FN:46,(anonymous_2)
FNF:3
FNH:3
FNDA:8,(anonymous_0)
FNDA:15,(anonymous_1)
FNDA:1,(anonymous_2)
DA:8,2
DA:9,8
DA:11,8
DA:13,8
DA:14,8
DA:16,15
DA:19,8
DA:47,1
LF:8
LH:8
BRDA:47,0,0,1
BRDA:47,0,1,0
BRDA:56,1,0,1
BRDA:56,1,1,7
BRDA:60,2,0,8
BRDA:60,2,1,0
BRF:6
BRH:4
end_of_record
TN:
SF:src\components\Menu.js
FN:8,(anonymous_0)
FN:25,(anonymous_1)
FN:41,(anonymous_2)
FN:47,(anonymous_3)
FNF:4
FNH:4
FNDA:3,(anonymous_0)
FNDA:48,(anonymous_1)
FNDA:36,(anonymous_2)
FNDA:1,(anonymous_3)
DA:8,1
DA:9,3
DA:11,3
DA:12,3
DA:14,3
DA:17,2
DA:20,2
DA:24,2
DA:26,48
DA:30,2
DA:42,36
DA:48,1
LF:12
LH:12
BRDA:14,0,0,1
BRDA:14,0,1,2
BRDA:46,1,0,2
BRDA:46,1,1,34
BRDA:48,2,0,0
BRDA:48,2,1,1
BRF:6
BRH:5
end_of_record
TN:
SF:src\components\RestaurantCard.js
FN:5,(anonymous_0)
FN:36,(anonymous_1)
FN:37,(anonymous_2)
FNF:3
FNH:3
FNDA:87,(anonymous_0)
FNDA:15,(anonymous_1)
FNDA:25,(anonymous_2)
DA:5,1
DA:6,87
DA:8,87
DA:10,87
DA:13,87
DA:15,87
DA:36,1
DA:37,15
DA:38,25
LF:9
LH:9
BRF:0
BRH:0
end_of_record
TN:
SF:src\utils\appStore.js
FNF:0
FNH:0
DA:4,2
LF:1
LH:1
BRF:0
BRH:0
end_of_record
